{
  "numFailedTestSuites": 6,
  "numFailedTests": 4,
  "numPassedTestSuites": 1,
  "numPassedTests": 16,
  "numPendingTestSuites": 2,
  "numPendingTests": 7,
  "numRuntimeErrorTestSuites": 4,
  "numTodoTests": 0,
  "numTotalTestSuites": 9,
  "numTotalTests": 27,
  "openHandles": [],
  "snapshot": {
    "added": 0,
    "didUpdate": false,
    "failure": false,
    "filesAdded": 0,
    "filesRemoved": 0,
    "filesRemovedList": [],
    "filesUnmatched": 0,
    "filesUpdated": 0,
    "matched": 0,
    "total": 0,
    "unchecked": 0,
    "uncheckedKeysByFile": [],
    "unmatched": 0,
    "updated": 0
  },
  "startTime": 1710583770132,
  "success": false,
  "testResults": [
    {
      "leaks": false,
      "numFailingTests": 0,
      "numPassingTests": 9,
      "numPendingTests": 0,
      "numTodoTests": 0,
      "openHandles": [],
      "perfStats": {
        "end": 1710583771211,
        "runtime": 907,
        "slow": false,
        "start": 1710583770304
      },
      "skipped": false,
      "snapshot": {
        "added": 0,
        "fileDeleted": false,
        "matched": 0,
        "unchecked": 0,
        "uncheckedKeys": [],
        "unmatched": 0,
        "updated": 0
      },
      "testFilePath": "/app/specs/appUnit.spec.js",
      "testResults": [
        {
          "ancestorTitles": [
            "nameIsValid function"
          ],
          "duration": 8,
          "failureDetails": [],
          "failureMessages": [],
          "fullName": "nameIsValid function if !name.includes(' ') nameIsValid function returns true",
          "invocations": 1,
          "location": null,
          "numPassingAsserts": 1,
          "retryReasons": [],
          "status": "passed",
          "title": "if !name.includes(' ') nameIsValid function returns true"
        },
        {
          "ancestorTitles": [
            "nameIsValid function"
          ],
          "duration": 1,
          "failureDetails": [],
          "failureMessages": [],
          "fullName": "nameIsValid function if name.length >= 2 nameIsValid function returns true",
          "invocations": 1,
          "location": null,
          "numPassingAsserts": 1,
          "retryReasons": [],
          "status": "passed",
          "title": "if name.length >= 2 nameIsValid function returns true"
        },
        {
          "ancestorTitles": [
            "nameIsValid function"
          ],
          "duration": 1,
          "failureDetails": [],
          "failureMessages": [],
          "fullName": "nameIsValid function if not all conditions met nameIsValid function returns false",
          "invocations": 1,
          "location": null,
          "numPassingAsserts": 1,
          "retryReasons": [],
          "status": "passed",
          "title": "if not all conditions met nameIsValid function returns false"
        },
        {
          "ancestorTitles": [
            "fullTrim function"
          ],
          "duration": 1,
          "failureDetails": [],
          "failureMessages": [],
          "fullName": "fullTrim function if text is null or undefined (text || '') fullTrim function returns blanck string",
          "invocations": 1,
          "location": null,
          "numPassingAsserts": 1,
          "retryReasons": [],
          "status": "passed",
          "title": "if text is null or undefined (text || '') fullTrim function returns blanck string"
        },
        {
          "ancestorTitles": [
            "fullTrim function"
          ],
          "duration": 3,
          "failureDetails": [],
          "failureMessages": [],
          "fullName": "fullTrim function if text contain only one space fullTrim function returns text without space",
          "invocations": 1,
          "location": null,
          "numPassingAsserts": 4,
          "retryReasons": [],
          "status": "passed",
          "title": "if text contain only one space fullTrim function returns text without space"
        },
        {
          "ancestorTitles": [
            "fullTrim function"
          ],
          "duration": 1,
          "failureDetails": [],
          "failureMessages": [],
          "fullName": "fullTrim function if text contain more than one space fullTrim function returns text without space",
          "invocations": 1,
          "location": null,
          "numPassingAsserts": 4,
          "retryReasons": [],
          "status": "passed",
          "title": "if text contain more than one space fullTrim function returns text without space"
        },
        {
          "ancestorTitles": [
            "getTotal function"
          ],
          "duration": 15,
          "failureDetails": [],
          "failureMessages": [],
          "fullName": "getTotal function getTotal function should trow error if discount !== \"number\"",
          "invocations": 1,
          "location": null,
          "numPassingAsserts": 1,
          "retryReasons": [],
          "status": "passed",
          "title": "getTotal function should trow error if discount !== \"number\""
        },
        {
          "ancestorTitles": [
            "getTotal function"
          ],
          "duration": 1,
          "failureDetails": [],
          "failureMessages": [],
          "fullName": "getTotal function getTotal function should trow error if discount < 0",
          "invocations": 1,
          "location": null,
          "numPassingAsserts": 1,
          "retryReasons": [],
          "status": "passed",
          "title": "getTotal function should trow error if discount < 0"
        },
        {
          "ancestorTitles": [
            "getTotal function"
          ],
          "duration": 1,
          "failureDetails": [],
          "failureMessages": [],
          "fullName": "getTotal function getTotal function discount should be less tahn 100 and",
          "invocations": 1,
          "location": null,
          "numPassingAsserts": 2,
          "retryReasons": [],
          "status": "passed",
          "title": "getTotal function discount should be less tahn 100 and"
        }
      ],
      "failureMessage": null
    },
    {
      "failureMessage": "  \u001b[1m● \u001b[22mTest suite failed to run\n\n    Invalid first argument, [object Object],[object Object],[object Object],[object Object],[object Object],[object Object]. It must be a named class, named function, number, or string.\n\n    \u001b[0m \u001b[90m 37 |\u001b[39m\u001b[0m\n    \u001b[0m \u001b[90m 38 |\u001b[39m   \u001b[90m// eslint-disable-next-line jest/no-done-callback\u001b[39m\u001b[0m\n    \u001b[0m\u001b[31m\u001b[1m>\u001b[22m\u001b[39m\u001b[90m 39 |\u001b[39m   test\u001b[33m.\u001b[39mskip(data)(\u001b[32m'should trow error if discount !== \"number\"'\u001b[39m\u001b[33m,\u001b[39m ({ data }) \u001b[33m=>\u001b[39m {\u001b[0m\n    \u001b[0m \u001b[90m    |\u001b[39m        \u001b[31m\u001b[1m^\u001b[22m\u001b[39m\u001b[0m\n    \u001b[0m \u001b[90m 40 |\u001b[39m     \u001b[36mif\u001b[39m (\u001b[36mtypeof\u001b[39m discount \u001b[33m!==\u001b[39m \u001b[32m\"number\"\u001b[39m) {\u001b[0m\n    \u001b[0m \u001b[90m 41 |\u001b[39m       expect(() \u001b[33m=>\u001b[39m {\u001b[0m\n    \u001b[0m \u001b[90m 42 |\u001b[39m         getTotal(data)\u001b[33m;\u001b[39m\u001b[0m\n\n      \u001b[2mat skip (\u001b[22m\u001b[0m\u001b[36mspecs/appUnitThrowErrParam.spec.js\u001b[39m\u001b[0m\u001b[2m:39:8)\u001b[22m\n      \u001b[2mat Object.describe (\u001b[22m\u001b[0m\u001b[36mspecs/appUnitThrowErrParam.spec.js\u001b[39m\u001b[0m\u001b[2m:6:1)\u001b[22m\n",
      "leaks": false,
      "numFailingTests": 0,
      "numPassingTests": 0,
      "numPendingTests": 0,
      "numTodoTests": 0,
      "openHandles": [],
      "perfStats": {
        "end": 0,
        "runtime": 0,
        "slow": false,
        "start": 0
      },
      "skipped": false,
      "snapshot": {
        "added": 0,
        "fileDeleted": false,
        "matched": 0,
        "unchecked": 0,
        "uncheckedKeys": [],
        "unmatched": 0,
        "updated": 0
      },
      "testExecError": "Invalid first argument, [object Object],[object Object],[object Object],[object Object],[object Object],[object Object]. It must be a named class, named function, number, or string.",
      "testFilePath": "/app/specs/appUnitThrowErrParam.spec.js",
      "testResults": []
    },
    {
      "leaks": false,
      "numFailingTests": 2,
      "numPassingTests": 1,
      "numPendingTests": 1,
      "numTodoTests": 0,
      "openHandles": [],
      "perfStats": {
        "end": 1710583771404,
        "runtime": 1070,
        "slow": false,
        "start": 1710583770334
      },
      "skipped": false,
      "snapshot": {
        "added": 0,
        "fileDeleted": false,
        "matched": 0,
        "unchecked": 0,
        "uncheckedKeys": [],
        "unmatched": 0,
        "updated": 0
      },
      "testFilePath": "/app/specs/forIns.spec.js",
      "testResults": [
        {
          "ancestorTitles": [],
          "duration": null,
          "failureDetails": [],
          "failureMessages": [],
          "fullName": "function getScore1 returnes 16",
          "invocations": 1,
          "location": null,
          "numPassingAsserts": 0,
          "retryReasons": [],
          "status": "pending",
          "title": "function getScore1 returnes 16"
        },
        {
          "ancestorTitles": [
            "getScore2 function"
          ],
          "duration": 6,
          "failureDetails": [],
          "failureMessages": [],
          "fullName": "getScore2 function should return the correct sum of scores",
          "invocations": 1,
          "location": null,
          "numPassingAsserts": 1,
          "retryReasons": [],
          "status": "passed",
          "title": "should return the correct sum of scores"
        },
        {
          "ancestorTitles": [
            "getScore2 function"
          ],
          "duration": 9,
          "failureDetails": [
            {
              "matcherResult": {
                "actual": 16,
                "expected": 0,
                "message": "\u001b[2mexpect(\u001b[22m\u001b[31mreceived\u001b[39m\u001b[2m).\u001b[22mtoBe\u001b[2m(\u001b[22m\u001b[32mexpected\u001b[39m\u001b[2m) // Object.is equality\u001b[22m\n\nExpected: \u001b[32m0\u001b[39m\nReceived: \u001b[31m16\u001b[39m",
                "name": "toBe",
                "pass": false
              }
            }
          ],
          "failureMessages": [
            "Error: \u001b[2mexpect(\u001b[22m\u001b[31mreceived\u001b[39m\u001b[2m).\u001b[22mtoBe\u001b[2m(\u001b[22m\u001b[32mexpected\u001b[39m\u001b[2m) // Object.is equality\u001b[22m\n\nExpected: \u001b[32m0\u001b[39m\nReceived: \u001b[31m16\u001b[39m\n    at Object.toBe (/app/specs/forIns.spec.js:16:36)\n    at Promise.then.completed (/app/node_modules/jest-circus/build/utils.js:298:28)\n    at new Promise (<anonymous>)\n    at callAsyncCircusFn (/app/node_modules/jest-circus/build/utils.js:231:10)\n    at _callCircusTest (/app/node_modules/jest-circus/build/run.js:316:40)\n    at processTicksAndRejections (node:internal/process/task_queues:95:5)\n    at _runTest (/app/node_modules/jest-circus/build/run.js:252:3)\n    at _runTestsForDescribeBlock (/app/node_modules/jest-circus/build/run.js:126:9)\n    at _runTestsForDescribeBlock (/app/node_modules/jest-circus/build/run.js:121:9)\n    at run (/app/node_modules/jest-circus/build/run.js:71:3)\n    at runAndTransformResultsToJestFormat (/app/node_modules/jest-circus/build/legacy-code-todo-rewrite/jestAdapterInit.js:122:21)\n    at jestAdapter (/app/node_modules/jest-circus/build/legacy-code-todo-rewrite/jestAdapter.js:79:19)\n    at runTestInternal (/app/node_modules/jest-runner/build/runTest.js:367:16)\n    at runTest (/app/node_modules/jest-runner/build/runTest.js:444:34)\n    at Object.worker (/app/node_modules/jest-runner/build/testWorker.js:106:12)"
          ],
          "fullName": "getScore2 function should handle an empty scores object",
          "invocations": 1,
          "location": null,
          "numPassingAsserts": 0,
          "retryReasons": [],
          "status": "failed",
          "title": "should handle an empty scores object"
        },
        {
          "ancestorTitles": [
            "getScore2 function"
          ],
          "duration": 1,
          "failureDetails": [
            {
              "matcherResult": {
                "actual": 16,
                "expected": -7,
                "message": "\u001b[2mexpect(\u001b[22m\u001b[31mreceived\u001b[39m\u001b[2m).\u001b[22mtoBe\u001b[2m(\u001b[22m\u001b[32mexpected\u001b[39m\u001b[2m) // Object.is equality\u001b[22m\n\nExpected: \u001b[32m-7\u001b[39m\nReceived: \u001b[31m16\u001b[39m",
                "name": "toBe",
                "pass": false
              }
            }
          ],
          "failureMessages": [
            "Error: \u001b[2mexpect(\u001b[22m\u001b[31mreceived\u001b[39m\u001b[2m).\u001b[22mtoBe\u001b[2m(\u001b[22m\u001b[32mexpected\u001b[39m\u001b[2m) // Object.is equality\u001b[22m\n\nExpected: \u001b[32m-7\u001b[39m\nReceived: \u001b[31m16\u001b[39m\n    at Object.toBe (/app/specs/forIns.spec.js:23:39)\n    at Promise.then.completed (/app/node_modules/jest-circus/build/utils.js:298:28)\n    at new Promise (<anonymous>)\n    at callAsyncCircusFn (/app/node_modules/jest-circus/build/utils.js:231:10)\n    at _callCircusTest (/app/node_modules/jest-circus/build/run.js:316:40)\n    at processTicksAndRejections (node:internal/process/task_queues:95:5)\n    at _runTest (/app/node_modules/jest-circus/build/run.js:252:3)\n    at _runTestsForDescribeBlock (/app/node_modules/jest-circus/build/run.js:126:9)\n    at _runTestsForDescribeBlock (/app/node_modules/jest-circus/build/run.js:121:9)\n    at run (/app/node_modules/jest-circus/build/run.js:71:3)\n    at runAndTransformResultsToJestFormat (/app/node_modules/jest-circus/build/legacy-code-todo-rewrite/jestAdapterInit.js:122:21)\n    at jestAdapter (/app/node_modules/jest-circus/build/legacy-code-todo-rewrite/jestAdapter.js:79:19)\n    at runTestInternal (/app/node_modules/jest-runner/build/runTest.js:367:16)\n    at runTest (/app/node_modules/jest-runner/build/runTest.js:444:34)\n    at Object.worker (/app/node_modules/jest-runner/build/testWorker.js:106:12)"
          ],
          "fullName": "getScore2 function should handle negative scores",
          "invocations": 1,
          "location": null,
          "numPassingAsserts": 0,
          "retryReasons": [],
          "status": "failed",
          "title": "should handle negative scores"
        }
      ],
      "failureMessage": "\u001b[1m\u001b[31m  \u001b[1m● \u001b[22m\u001b[1mgetScore2 function › should handle an empty scores object\u001b[39m\u001b[22m\n\n    \u001b[2mexpect(\u001b[22m\u001b[31mreceived\u001b[39m\u001b[2m).\u001b[22mtoBe\u001b[2m(\u001b[22m\u001b[32mexpected\u001b[39m\u001b[2m) // Object.is equality\u001b[22m\n\n    Expected: \u001b[32m0\u001b[39m\n    Received: \u001b[31m16\u001b[39m\n\u001b[2m\u001b[22m\n\u001b[2m    \u001b[0m \u001b[90m 14 |\u001b[39m   test(\u001b[32m\"should handle an empty scores object\"\u001b[39m\u001b[33m,\u001b[39m () \u001b[33m=>\u001b[39m {\u001b[0m\u001b[22m\n\u001b[2m    \u001b[0m \u001b[90m 15 |\u001b[39m     \u001b[36mconst\u001b[39m emptyScores \u001b[33m=\u001b[39m {}\u001b[33m;\u001b[39m\u001b[0m\u001b[22m\n\u001b[2m    \u001b[0m\u001b[31m\u001b[1m>\u001b[22m\u001b[2m\u001b[39m\u001b[90m 16 |\u001b[39m     expect(getScore2(emptyScores))\u001b[33m.\u001b[39mtoBe(\u001b[35m0\u001b[39m)\u001b[33m;\u001b[39m\u001b[0m\u001b[22m\n\u001b[2m    \u001b[0m \u001b[90m    |\u001b[39m                                    \u001b[31m\u001b[1m^\u001b[22m\u001b[2m\u001b[39m\u001b[0m\u001b[22m\n\u001b[2m    \u001b[0m \u001b[90m 17 |\u001b[39m   })\u001b[33m;\u001b[39m\u001b[0m\u001b[22m\n\u001b[2m    \u001b[0m \u001b[90m 18 |\u001b[39m   test(\u001b[32m\"should handle negative scores\"\u001b[39m\u001b[33m,\u001b[39m () \u001b[33m=>\u001b[39m {\u001b[0m\u001b[22m\n\u001b[2m    \u001b[0m \u001b[90m 19 |\u001b[39m     \u001b[36mconst\u001b[39m negativeScores \u001b[33m=\u001b[39m {\u001b[0m\u001b[22m\n\u001b[2m\u001b[22m\n\u001b[2m      \u001b[2mat Object.toBe (\u001b[22m\u001b[2m\u001b[0m\u001b[36mspecs/forIns.spec.js\u001b[39m\u001b[0m\u001b[2m:16:36)\u001b[22m\u001b[2m\u001b[22m\n\n\u001b[1m\u001b[31m  \u001b[1m● \u001b[22m\u001b[1mgetScore2 function › should handle negative scores\u001b[39m\u001b[22m\n\n    \u001b[2mexpect(\u001b[22m\u001b[31mreceived\u001b[39m\u001b[2m).\u001b[22mtoBe\u001b[2m(\u001b[22m\u001b[32mexpected\u001b[39m\u001b[2m) // Object.is equality\u001b[22m\n\n    Expected: \u001b[32m-7\u001b[39m\n    Received: \u001b[31m16\u001b[39m\n\u001b[2m\u001b[22m\n\u001b[2m    \u001b[0m \u001b[90m 21 |\u001b[39m       \u001b[33mBob\u001b[39m\u001b[33m:\u001b[39m \u001b[33m-\u001b[39m\u001b[35m2\u001b[39m\u001b[33m,\u001b[39m\u001b[0m\u001b[22m\n\u001b[2m    \u001b[0m \u001b[90m 22 |\u001b[39m     }\u001b[33m;\u001b[39m\u001b[0m\u001b[22m\n\u001b[2m    \u001b[0m\u001b[31m\u001b[1m>\u001b[22m\u001b[2m\u001b[39m\u001b[90m 23 |\u001b[39m     expect(getScore2(negativeScores))\u001b[33m.\u001b[39mtoBe(\u001b[33m-\u001b[39m\u001b[35m7\u001b[39m)\u001b[33m;\u001b[39m\u001b[0m\u001b[22m\n\u001b[2m    \u001b[0m \u001b[90m    |\u001b[39m                                       \u001b[31m\u001b[1m^\u001b[22m\u001b[2m\u001b[39m\u001b[0m\u001b[22m\n\u001b[2m    \u001b[0m \u001b[90m 24 |\u001b[39m   })\u001b[33m;\u001b[39m\u001b[0m\u001b[22m\n\u001b[2m    \u001b[0m \u001b[90m 25 |\u001b[39m })\u001b[33m;\u001b[39m\u001b[0m\u001b[22m\n\u001b[2m    \u001b[0m \u001b[90m 26 |\u001b[39m\u001b[0m\u001b[22m\n\u001b[2m\u001b[22m\n\u001b[2m      \u001b[2mat Object.toBe (\u001b[22m\u001b[2m\u001b[0m\u001b[36mspecs/forIns.spec.js\u001b[39m\u001b[0m\u001b[2m:23:39)\u001b[22m\u001b[2m\u001b[22m\n"
    },
    {
      "leaks": false,
      "numFailingTests": 0,
      "numPassingTests": 0,
      "numPendingTests": 2,
      "numTodoTests": 0,
      "openHandles": [],
      "perfStats": {
        "end": 1710583771766,
        "runtime": 1446,
        "slow": false,
        "start": 1710583770320
      },
      "skipped": true,
      "snapshot": {
        "added": 0,
        "fileDeleted": false,
        "matched": 0,
        "unchecked": 0,
        "uncheckedKeys": [],
        "unmatched": 0,
        "updated": 0
      },
      "testFilePath": "/app/specs/plutoSupertestToken.spec.js",
      "testResults": [
        {
          "ancestorTitles": [],
          "duration": null,
          "failureDetails": [],
          "failureMessages": [],
          "fullName": "testing auth api pluto cluster",
          "invocations": 1,
          "location": null,
          "numPassingAsserts": 0,
          "retryReasons": [],
          "status": "pending",
          "title": "testing auth api pluto cluster"
        },
        {
          "ancestorTitles": [],
          "duration": null,
          "failureDetails": [],
          "failureMessages": [],
          "fullName": "testing2 auth api pluto cluster",
          "invocations": 1,
          "location": null,
          "numPassingAsserts": 0,
          "retryReasons": [],
          "status": "pending",
          "title": "testing2 auth api pluto cluster"
        }
      ],
      "failureMessage": null
    },
    {
      "leaks": false,
      "numFailingTests": 0,
      "numPassingTests": 0,
      "numPendingTests": 4,
      "numTodoTests": 0,
      "openHandles": [],
      "perfStats": {
        "end": 1710583773000,
        "runtime": 2692,
        "slow": false,
        "start": 1710583770308
      },
      "skipped": true,
      "snapshot": {
        "added": 0,
        "fileDeleted": false,
        "matched": 0,
        "unchecked": 0,
        "uncheckedKeys": [],
        "unmatched": 0,
        "updated": 0
      },
      "testFilePath": "/app/specs/plutoAxios.spec.js",
      "testResults": [
        {
          "ancestorTitles": [
            "Авторизация"
          ],
          "duration": null,
          "failureDetails": [],
          "failureMessages": [],
          "fullName": "Авторизация Успешная авторизация",
          "invocations": 1,
          "location": null,
          "numPassingAsserts": 0,
          "retryReasons": [],
          "status": "pending",
          "title": "Успешная авторизация"
        },
        {
          "ancestorTitles": [
            "Авторизация2"
          ],
          "duration": null,
          "failureDetails": [],
          "failureMessages": [],
          "fullName": "Авторизация2 Успешная авторизация",
          "invocations": 1,
          "location": null,
          "numPassingAsserts": 0,
          "retryReasons": [],
          "status": "pending",
          "title": "Успешная авторизация"
        },
        {
          "ancestorTitles": [
            "Авторизация2"
          ],
          "duration": null,
          "failureDetails": [],
          "failureMessages": [],
          "fullName": "Авторизация2 спешная авторизация@@",
          "invocations": 1,
          "location": null,
          "numPassingAsserts": 0,
          "retryReasons": [],
          "status": "pending",
          "title": "спешная авторизация@@"
        },
        {
          "ancestorTitles": [
            "Авторизация2"
          ],
          "duration": null,
          "failureDetails": [],
          "failureMessages": [],
          "fullName": "Авторизация2 авторизация@@",
          "invocations": 1,
          "location": null,
          "numPassingAsserts": 0,
          "retryReasons": [],
          "status": "pending",
          "title": "авторизация@@"
        }
      ],
      "failureMessage": null
    },
    {
      "failureMessage": "  \u001b[1m● \u001b[22mTest suite failed to run\n\n    Jest worker encountered 4 child process exceptions, exceeding retry limit\n\n      \u001b[2mat ChildProcessWorker.initialize (\u001b[22mnode_modules/jest-worker/build/workers/ChildProcessWorker.js\u001b[2m:181:21)\u001b[22m\n",
      "leaks": false,
      "numFailingTests": 0,
      "numPassingTests": 0,
      "numPendingTests": 0,
      "numTodoTests": 0,
      "openHandles": [],
      "perfStats": {
        "end": 0,
        "runtime": 0,
        "slow": false,
        "start": 0
      },
      "skipped": false,
      "snapshot": {
        "added": 0,
        "fileDeleted": false,
        "matched": 0,
        "unchecked": 0,
        "uncheckedKeys": [],
        "unmatched": 0,
        "updated": 0
      },
      "testExecError": {
        "type": "WorkerError"
      },
      "testFilePath": "/app/specs/plutoAxiosNew.spec.js",
      "testResults": []
    },
    {
      "failureMessage": "  \u001b[1m● \u001b[22mTest suite failed to run\n\n    Jest worker encountered 4 child process exceptions, exceeding retry limit\n\n      \u001b[2mat ChildProcessWorker.initialize (\u001b[22mnode_modules/jest-worker/build/workers/ChildProcessWorker.js\u001b[2m:181:21)\u001b[22m\n",
      "leaks": false,
      "numFailingTests": 0,
      "numPassingTests": 0,
      "numPendingTests": 0,
      "numTodoTests": 0,
      "openHandles": [],
      "perfStats": {
        "end": 0,
        "runtime": 0,
        "slow": false,
        "start": 0
      },
      "skipped": false,
      "snapshot": {
        "added": 0,
        "fileDeleted": false,
        "matched": 0,
        "unchecked": 0,
        "uncheckedKeys": [],
        "unmatched": 0,
        "updated": 0
      },
      "testExecError": {
        "type": "WorkerError"
      },
      "testFilePath": "/app/specs/plutoFetch.spec.js",
      "testResults": []
    },
    {
      "failureMessage": "  \u001b[1m● \u001b[22mTest suite failed to run\n\n    Jest worker encountered 4 child process exceptions, exceeding retry limit\n\n      \u001b[2mat ChildProcessWorker.initialize (\u001b[22mnode_modules/jest-worker/build/workers/ChildProcessWorker.js\u001b[2m:181:21)\u001b[22m\n",
      "leaks": false,
      "numFailingTests": 0,
      "numPassingTests": 0,
      "numPendingTests": 0,
      "numTodoTests": 0,
      "openHandles": [],
      "perfStats": {
        "end": 0,
        "runtime": 0,
        "slow": false,
        "start": 0
      },
      "skipped": false,
      "snapshot": {
        "added": 0,
        "fileDeleted": false,
        "matched": 0,
        "unchecked": 0,
        "uncheckedKeys": [],
        "unmatched": 0,
        "updated": 0
      },
      "testExecError": {
        "type": "WorkerError"
      },
      "testFilePath": "/app/specs/plutoSupertest.spec.js",
      "testResults": []
    },
    {
      "leaks": false,
      "numFailingTests": 2,
      "numPassingTests": 6,
      "numPendingTests": 0,
      "numTodoTests": 0,
      "openHandles": [],
      "perfStats": {
        "end": 1710583774473,
        "runtime": 4142,
        "slow": false,
        "start": 1710583770331
      },
      "skipped": false,
      "snapshot": {
        "added": 0,
        "fileDeleted": false,
        "matched": 0,
        "unchecked": 0,
        "uncheckedKeys": [],
        "unmatched": 0,
        "updated": 0
      },
      "testFilePath": "/app/specs/apiUnit.spec.js",
      "testResults": [
        {
          "ancestorTitles": [
            "3 api tests bookstore service with user"
          ],
          "duration": 309,
          "failureDetails": [
            {
              "matcherResult": {
                "actual": 406,
                "expected": 201,
                "message": "\u001b[2mexpect(\u001b[22m\u001b[31mreceived\u001b[39m\u001b[2m).\u001b[22mtoBe\u001b[2m(\u001b[22m\u001b[32mexpected\u001b[39m\u001b[2m) // Object.is equality\u001b[22m\n\nExpected: \u001b[32m201\u001b[39m\nReceived: \u001b[31m406\u001b[39m",
                "name": "toBe",
                "pass": false
              }
            }
          ],
          "failureMessages": [
            "Error: \u001b[2mexpect(\u001b[22m\u001b[31mreceived\u001b[39m\u001b[2m).\u001b[22mtoBe\u001b[2m(\u001b[22m\u001b[32mexpected\u001b[39m\u001b[2m) // Object.is equality\u001b[22m\n\nExpected: \u001b[32m201\u001b[39m\nReceived: \u001b[31m406\u001b[39m\n    at toBe (/app/specs/apiUnit.spec.js:38:29)\n    at call (/app/specs/apiUnit.spec.js:2:1)\n    at Generator.tryCatch (/app/specs/apiUnit.spec.js:2:1)\n    at Generator._invoke [as next] (/app/specs/apiUnit.spec.js:2:1)\n    at asyncGeneratorStep (/app/specs/apiUnit.spec.js:2:1)\n    at asyncGeneratorStep (/app/specs/apiUnit.spec.js:2:1)\n    at processTicksAndRejections (node:internal/process/task_queues:95:5)"
          ],
          "fullName": "3 api tests bookstore service with user Создание пользователя успешно",
          "invocations": 1,
          "location": null,
          "numPassingAsserts": 0,
          "retryReasons": [],
          "status": "failed",
          "title": "Создание пользователя успешно"
        },
        {
          "ancestorTitles": [
            "3 api tests bookstore service with user"
          ],
          "duration": 205,
          "failureDetails": [],
          "failureMessages": [],
          "fullName": "3 api tests bookstore service with user Создание пользователя c ошибкой, логин уже используется",
          "invocations": 1,
          "location": null,
          "numPassingAsserts": 3,
          "retryReasons": [],
          "status": "passed",
          "title": "Создание пользователя c ошибкой, логин уже используется"
        },
        {
          "ancestorTitles": [
            "3 api tests bookstore service with user"
          ],
          "duration": 65,
          "failureDetails": [],
          "failureMessages": [],
          "fullName": "3 api tests bookstore service with user Создание пользователя c ошибкой, пароль не подходит",
          "invocations": 1,
          "location": null,
          "numPassingAsserts": 3,
          "retryReasons": [],
          "status": "passed",
          "title": "Создание пользователя c ошибкой, пароль не подходит"
        },
        {
          "ancestorTitles": [
            "2 api tests bookstore service with token"
          ],
          "duration": 488,
          "failureDetails": [],
          "failureMessages": [],
          "fullName": "2 api tests bookstore service with token Генерация токена успешно",
          "invocations": 1,
          "location": null,
          "numPassingAsserts": 3,
          "retryReasons": [],
          "status": "passed",
          "title": "Генерация токена успешно"
        },
        {
          "ancestorTitles": [
            "2 api tests bookstore service with token"
          ],
          "duration": 429,
          "failureDetails": [],
          "failureMessages": [],
          "fullName": "2 api tests bookstore service with token Генерация токена c ошибкой",
          "invocations": 1,
          "location": null,
          "numPassingAsserts": 3,
          "retryReasons": [],
          "status": "passed",
          "title": "Генерация токена c ошибкой"
        },
        {
          "ancestorTitles": [
            "PETSTORE create user"
          ],
          "duration": 590,
          "failureDetails": [],
          "failureMessages": [],
          "fullName": "PETSTORE create user create user",
          "invocations": 1,
          "location": null,
          "numPassingAsserts": 2,
          "retryReasons": [],
          "status": "passed",
          "title": "create user"
        },
        {
          "ancestorTitles": [
            "PETSTORE login user"
          ],
          "duration": 400,
          "failureDetails": [],
          "failureMessages": [],
          "fullName": "PETSTORE login user login user",
          "invocations": 1,
          "location": null,
          "numPassingAsserts": 3,
          "retryReasons": [],
          "status": "passed",
          "title": "login user"
        },
        {
          "ancestorTitles": [
            "PETSTORE"
          ],
          "duration": 155,
          "failureDetails": [
            {
              "matcherResult": {
                "actual": 500,
                "expected": 200,
                "message": "\u001b[2mexpect(\u001b[22m\u001b[31mreceived\u001b[39m\u001b[2m).\u001b[22mtoBe\u001b[2m(\u001b[22m\u001b[32mexpected\u001b[39m\u001b[2m) // Object.is equality\u001b[22m\n\nExpected: \u001b[32m200\u001b[39m\nReceived: \u001b[31m500\u001b[39m",
                "name": "toBe",
                "pass": false
              }
            }
          ],
          "failureMessages": [
            "Error: \u001b[2mexpect(\u001b[22m\u001b[31mreceived\u001b[39m\u001b[2m).\u001b[22mtoBe\u001b[2m(\u001b[22m\u001b[32mexpected\u001b[39m\u001b[2m) // Object.is equality\u001b[22m\n\nExpected: \u001b[32m200\u001b[39m\nReceived: \u001b[31m500\u001b[39m\n    at toBe (/app/specs/apiUnit.spec.js:182:29)\n    at call (/app/specs/apiUnit.spec.js:2:1)\n    at Generator.tryCatch (/app/specs/apiUnit.spec.js:2:1)\n    at Generator._invoke [as next] (/app/specs/apiUnit.spec.js:2:1)\n    at asyncGeneratorStep (/app/specs/apiUnit.spec.js:2:1)\n    at asyncGeneratorStep (/app/specs/apiUnit.spec.js:2:1)\n    at processTicksAndRejections (node:internal/process/task_queues:95:5)"
          ],
          "fullName": "PETSTORE add a pet",
          "invocations": 1,
          "location": null,
          "numPassingAsserts": 0,
          "retryReasons": [],
          "status": "failed",
          "title": "add a pet"
        }
      ],
      "failureMessage": "\u001b[1m\u001b[31m  \u001b[1m● \u001b[22m\u001b[1m3 api tests bookstore service with user › Создание пользователя успешно\u001b[39m\u001b[22m\n\n    \u001b[2mexpect(\u001b[22m\u001b[31mreceived\u001b[39m\u001b[2m).\u001b[22mtoBe\u001b[2m(\u001b[22m\u001b[32mexpected\u001b[39m\u001b[2m) // Object.is equality\u001b[22m\n\n    Expected: \u001b[32m201\u001b[39m\n    Received: \u001b[31m406\u001b[39m\n\u001b[2m\u001b[22m\n\u001b[2m    \u001b[0m \u001b[90m 36 |\u001b[39m     \u001b[36mconst\u001b[39m response \u001b[33m=\u001b[39m \u001b[36mawait\u001b[39m createUser(\u001b[32m\"otusQA\"\u001b[39m\u001b[33m,\u001b[39m \u001b[32m\"1q2!3W4e\"\u001b[39m)\u001b[33m;\u001b[39m\u001b[0m\u001b[22m\n\u001b[2m    \u001b[0m \u001b[90m 37 |\u001b[39m     \u001b[36mconst\u001b[39m data \u001b[33m=\u001b[39m \u001b[36mawait\u001b[39m response\u001b[33m.\u001b[39mjson()\u001b[33m;\u001b[39m\u001b[0m\u001b[22m\n\u001b[2m    \u001b[0m\u001b[31m\u001b[1m>\u001b[22m\u001b[2m\u001b[39m\u001b[90m 38 |\u001b[39m     expect(response\u001b[33m.\u001b[39mstatus)\u001b[33m.\u001b[39mtoBe(\u001b[35m201\u001b[39m)\u001b[33m;\u001b[39m\u001b[0m\u001b[22m\n\u001b[2m    \u001b[0m \u001b[90m    |\u001b[39m                             \u001b[31m\u001b[1m^\u001b[22m\u001b[2m\u001b[39m\u001b[0m\u001b[22m\n\u001b[2m    \u001b[0m \u001b[90m 39 |\u001b[39m     \u001b[90m// expect(data.code).toBe(0);\u001b[39m\u001b[0m\u001b[22m\n\u001b[2m    \u001b[0m \u001b[90m 40 |\u001b[39m     console\u001b[33m.\u001b[39mlog(data)\u001b[33m;\u001b[39m\u001b[0m\u001b[22m\n\u001b[2m    \u001b[0m \u001b[90m 41 |\u001b[39m   })\u001b[33m;\u001b[39m\u001b[0m\u001b[22m\n\u001b[2m\u001b[22m\n\u001b[2m      \u001b[2mat toBe (\u001b[22m\u001b[2m\u001b[0m\u001b[36mspecs/apiUnit.spec.js\u001b[39m\u001b[0m\u001b[2m:38:29)\u001b[22m\u001b[2m\u001b[22m\n\u001b[2m      \u001b[2mat call (\u001b[22m\u001b[2m\u001b[0m\u001b[36mspecs/apiUnit.spec.js\u001b[39m\u001b[0m\u001b[2m:2:1)\u001b[22m\u001b[2m\u001b[22m\n\u001b[2m      \u001b[2mat Generator.tryCatch (\u001b[22m\u001b[2m\u001b[0m\u001b[36mspecs/apiUnit.spec.js\u001b[39m\u001b[0m\u001b[2m:2:1)\u001b[22m\u001b[2m\u001b[22m\n\u001b[2m      \u001b[2mat Generator._invoke [as next] (\u001b[22m\u001b[2m\u001b[0m\u001b[36mspecs/apiUnit.spec.js\u001b[39m\u001b[0m\u001b[2m:2:1)\u001b[22m\u001b[2m\u001b[22m\n\u001b[2m      \u001b[2mat asyncGeneratorStep (\u001b[22m\u001b[2m\u001b[0m\u001b[36mspecs/apiUnit.spec.js\u001b[39m\u001b[0m\u001b[2m:2:1)\u001b[22m\u001b[2m\u001b[22m\n\u001b[2m      \u001b[2mat asyncGeneratorStep (\u001b[22m\u001b[2m\u001b[0m\u001b[36mspecs/apiUnit.spec.js\u001b[39m\u001b[0m\u001b[2m:2:1)\u001b[22m\u001b[2m\u001b[22m\n\n\u001b[1m\u001b[31m  \u001b[1m● \u001b[22m\u001b[1mPETSTORE › add a pet\u001b[39m\u001b[22m\n\n    \u001b[2mexpect(\u001b[22m\u001b[31mreceived\u001b[39m\u001b[2m).\u001b[22mtoBe\u001b[2m(\u001b[22m\u001b[32mexpected\u001b[39m\u001b[2m) // Object.is equality\u001b[22m\n\n    Expected: \u001b[32m200\u001b[39m\n    Received: \u001b[31m500\u001b[39m\n\u001b[2m\u001b[22m\n\u001b[2m    \u001b[0m \u001b[90m 180 |\u001b[39m     )\u001b[33m;\u001b[39m\u001b[0m\u001b[22m\n\u001b[2m    \u001b[0m \u001b[90m 181 |\u001b[39m     \u001b[36mconst\u001b[39m data \u001b[33m=\u001b[39m \u001b[36mawait\u001b[39m response\u001b[33m.\u001b[39mjson()\u001b[33m;\u001b[39m\u001b[0m\u001b[22m\n\u001b[2m    \u001b[0m\u001b[31m\u001b[1m>\u001b[22m\u001b[2m\u001b[39m\u001b[90m 182 |\u001b[39m     expect(response\u001b[33m.\u001b[39mstatus)\u001b[33m.\u001b[39mtoBe(\u001b[35m200\u001b[39m)\u001b[33m;\u001b[39m\u001b[0m\u001b[22m\n\u001b[2m    \u001b[0m \u001b[90m     |\u001b[39m                             \u001b[31m\u001b[1m^\u001b[22m\u001b[2m\u001b[39m\u001b[0m\u001b[22m\n\u001b[2m    \u001b[0m \u001b[90m 183 |\u001b[39m     console\u001b[33m.\u001b[39mlog(data)\u001b[33m;\u001b[39m\u001b[0m\u001b[22m\n\u001b[2m    \u001b[0m \u001b[90m 184 |\u001b[39m   })\u001b[33m;\u001b[39m\u001b[0m\u001b[22m\n\u001b[2m    \u001b[0m \u001b[90m 185 |\u001b[39m })\u001b[33m;\u001b[39m\u001b[0m\u001b[22m\n\u001b[2m\u001b[22m\n\u001b[2m      \u001b[2mat toBe (\u001b[22m\u001b[2m\u001b[0m\u001b[36mspecs/apiUnit.spec.js\u001b[39m\u001b[0m\u001b[2m:182:29)\u001b[22m\u001b[2m\u001b[22m\n\u001b[2m      \u001b[2mat call (\u001b[22m\u001b[2m\u001b[0m\u001b[36mspecs/apiUnit.spec.js\u001b[39m\u001b[0m\u001b[2m:2:1)\u001b[22m\u001b[2m\u001b[22m\n\u001b[2m      \u001b[2mat Generator.tryCatch (\u001b[22m\u001b[2m\u001b[0m\u001b[36mspecs/apiUnit.spec.js\u001b[39m\u001b[0m\u001b[2m:2:1)\u001b[22m\u001b[2m\u001b[22m\n\u001b[2m      \u001b[2mat Generator._invoke [as next] (\u001b[22m\u001b[2m\u001b[0m\u001b[36mspecs/apiUnit.spec.js\u001b[39m\u001b[0m\u001b[2m:2:1)\u001b[22m\u001b[2m\u001b[22m\n\u001b[2m      \u001b[2mat asyncGeneratorStep (\u001b[22m\u001b[2m\u001b[0m\u001b[36mspecs/apiUnit.spec.js\u001b[39m\u001b[0m\u001b[2m:2:1)\u001b[22m\u001b[2m\u001b[22m\n\u001b[2m      \u001b[2mat asyncGeneratorStep (\u001b[22m\u001b[2m\u001b[0m\u001b[36mspecs/apiUnit.spec.js\u001b[39m\u001b[0m\u001b[2m:2:1)\u001b[22m\u001b[2m\u001b[22m\n"
    }
  ],
  "wasInterrupted": false
}